<?xml version="1.0" encoding="UTF-8"?>
<!-- Generated by org.testng.reporters.JUnitReportReporter -->
<testsuite hostname="DESKTOP-7PPMDVL" failures="0" tests="1" name="salesforce.testcases.CreateGroups" time="70.174" errors="0" timestamp="2021-07-31T16:07:39 IST" skipped="0">
  <testcase classname="salesforce.testcases.CreateGroups" name="createLeadforCampaign" time="70.174"/>
  <system-out/>
</testsuite> <!-- salesforce.testcases.CreateGroups -->
